<?xml version="1.0" encoding="UTF-8"?>
<coverage generated="1590001018733" clover="3.2.0">
  <project timestamp="1590001018733" name="All files">
    <metrics statements="9" coveredstatements="9" conditionals="10" coveredconditionals="9" methods="3" coveredmethods="3" elements="22" coveredelements="21" complexity="0" loc="9" ncloc="9" packages="1" files="1" classes="1"/>
    <file name="index.js" path="C:\Users\petri\Documents\GitHub\unittest1\src\index.js">
      <metrics statements="9" coveredstatements="9" conditionals="10" coveredconditionals="9" methods="3" coveredmethods="3"/>
      <line num="7" count="3" type="cond" truecount="2" falsecount="0"/>
      <line num="8" count="1" type="stmt"/>
      <line num="9" count="2" type="cond" truecount="4" falsecount="0"/>
      <line num="10" count="1" type="stmt"/>
      <line num="11" count="1" type="cond" truecount="3" falsecount="1"/>
      <line num="12" count="1" type="stmt"/>
      <line num="17" count="1" type="stmt"/>
      <line num="18" count="4" type="stmt"/>
      <line num="20" count="1" type="stmt"/>
    </file>
  </project>
</coverage>
