{"C:\\Users\\petri\\Documents\\GitHub\\syntactic\\src\\index.js": {"path":"C:\\Users\\petri\\Documents\\GitHub\\syntactic\\src\\index.js","statementMap":{"0":{"start":{"line":4,"column":4},"end":{"line":15,"column":5}},"1":{"start":{"line":5,"column":18},"end":{"line":5,"column":27}},"2":{"start":{"line":6,"column":8},"end":{"line":12,"column":9}},"3":{"start":{"line":7,"column":12},"end":{"line":7,"column":27}},"4":{"start":{"line":8,"column":12},"end":{"line":8,"column":21}},"5":{"start":{"line":10,"column":12},"end":{"line":10,"column":27}},"6":{"start":{"line":11,"column":12},"end":{"line":11,"column":33}},"7":{"start":{"line":14,"column":8},"end":{"line":14,"column":21}}},"fnMap":{"0":{"name":"stringToNumber","decl":{"start":{"line":3,"column":24},"end":{"line":3,"column":38}},"loc":{"start":{"line":3,"column":42},"end":{"line":16,"column":1}},"line":3}},"branchMap":{"0":{"loc":{"start":{"line":6,"column":8},"end":{"line":12,"column":9}},"type":"if","locations":[{"start":{"line":6,"column":8},"end":{"line":12,"column":9}},{"start":{"line":6,"column":8},"end":{"line":12,"column":9}}],"line":6}},"s":{"0":2,"1":2,"2":2,"3":1,"4":1,"5":1,"6":1,"7":1},"f":{"0":2},"b":{"0":[1,1]},"_coverageSchema":"1a1c01bbd47fc00a2c39e90264f33305004495a9","hash":"53fc82761a5a34cf06576174960636e473f14c5d"}
}
